<?xml version="1.0" encoding="UTF-8"?>
<!-- Generated by org.testng.reporters.JUnitReportReporter -->
<testsuite hostname="RIPUN_NOOB-Dev" failures="0" tests="4" name="com.jobbox.LoginTest" time="22.976" errors="0" timestamp="2024-12-14T02:57:00 IST" skipped="0">
  <testcase classname="com.jobbox.LoginTest" name="aatestLoginFromHomePage" time="5.365"/>
  <testcase classname="com.jobbox.LoginTest" name="atestInvalidoneLoginFromHomePage" time="5.501"/>
  <testcase classname="com.jobbox.LoginTest" name="btestInvalidtwoLoginFromHomePage" time="5.281"/>
  <testcase classname="com.jobbox.LoginTest" name="ctestInvalidLoginFromHomePage" time="6.829"/>
</testsuite> <!-- com.jobbox.LoginTest -->
