<?xml version="1.0" encoding="UTF-8"?>
<!-- Generated by org.testng.reporters.JUnitReportReporter -->
<testsuite hostname="RIPUN_NOOB-Dev" failures="0" tests="2" name="com.jobbox.NavigationTest" time="9.921" errors="0" timestamp="2024-12-13T02:55:47 IST" skipped="0">
  <testcase classname="com.jobbox.NavigationTest" name="testNavigationMenuItems" time="2.682"/>
  <testcase classname="com.jobbox.NavigationTest" name="testNavigationItemClickability" time="7.239"/>
</testsuite> <!-- com.jobbox.NavigationTest -->
