<?xml version="1.0" encoding="UTF-8"?>
<!-- Generated by org.testng.reporters.JUnitReportReporter -->
<testsuite hostname="RIPUN_NOOB-Dev" failures="0" tests="2" name="com.jobbox.AppTest" time="4.057" errors="0" timestamp="2024-12-13T02:55:47 IST" skipped="0">
  <testcase classname="com.jobbox.AppTest" name="testWebsiteAccessibility" time="2.417"/>
  <testcase classname="com.jobbox.AppTest" name="testWebsiteLoading" time="1.640"/>
</testsuite> <!-- com.jobbox.AppTest -->
