<?xml version="1.0" encoding="UTF-8"?>
<!-- Generated by org.testng.reporters.JUnitReportReporter -->
<testsuite hostname="RIPUN_NOOB-Dev" failures="0" tests="2" name="com.jobbox.AppTest" time="5.610" errors="0" timestamp="2024-12-14T02:57:00 IST" skipped="0">
  <testcase classname="com.jobbox.AppTest" name="testWebsiteLoading" time="2.388"/>
  <testcase classname="com.jobbox.AppTest" name="testWebsiteAccessibility" time="3.222"/>
</testsuite> <!-- com.jobbox.AppTest -->
